### PostgreSQL 索引使用场景举例
- 利用索引进行排序减少CPU开销
1.查询条件就是索引列：

```
postgres=#  create table testindex(id int, info text, crt_time timestamp);
CREATE TABLE
postgres=# insert into testindex select generate_series(1,10000), md5(random()::text),clock_timestamp();
INSERT 0 10000
postgres=# create index idx_testindex_1 on testindex(id);
CREATE INDEX
postgres=# explain analyze select * from testindex where id<100 order by id;
                                                           QUERY PLAN                        
                                    
---------------------------------------------------------------------------------------------
------------------------------------
 Sort  (cost=76.14..76.39 rows=100 width=45) (actual time=0.097..0.118 rows=99 loops=1)
   Sort Key: id
   Sort Method: quicksort  Memory: 32kB
   ->  Bitmap Heap Scan on testindex  (cost=2.36..72.82 rows=100 width=45) (actual time=0.033
..0.050 rows=99 loops=1)
         Recheck Cond: (id < 100)
         Heap Blocks: exact=1
         
         //从这里可以看出，使用了索引。
         ->  Bitmap Index Scan on idx_testindex_1  (cost=0.00..2.33 rows=100 width=0) (actual
 time=0.017..0.017 rows=99 loops=1)
               Index Cond: (id < 100)
 Planning time: 0.744 ms
 Execution time: 0.188 ms
(10 rows)

```
2.查询条件不是索引列：

```
postgres=# explain analyze select * from testindex where info='620f5eaeaf0d7cf48cd1fa6c410bad49' order by id;
                                                 QUERY PLAN                                                 
------------------------------------------------------------------------------------------------------------
 Sort  (cost=219.01..219.01 rows=1 width=45) (actual time=7.380..7.380 rows=0 loops=1)
   Sort Key: id
   Sort Method: quicksort  Memory: 25kB
   // 可以看出，走的全表扫描。
   ->  Seq Scan on testindex  (cost=0.00..219.00 rows=1 width=45) (actual time=7.367..7.367 rows=0 loops=1)
         Filter: (info = '620f5eaeaf0d7cf48cd1fa6c410bad49'::text)//得到一行。
         Rows Removed by Filter: 10000    //过滤掉10000行。
 Planning time: 0.155 ms
 Execution time: 7.436 ms
 
//得出结果再排序。
(8 rows)

postgres=# 
```
3. 查询条件不是索引列，也可以走索引：
```
//强制把 seqscan关掉
postgres=# set enable_seqscan=off;
SET
//
postgres=# explain analyze select * from testindex where info='620f5eaeaf0d7cf48cd1fa6c410bad49' order by id;
                                                                    QUERY PLAN                                                                    
--------------------------------------------------------------------------------------------------------------------------------------------------
 // 可以看出来，走了索引了。
 
 //但是相当于把整个索引都扫描一遍， 但是排序没有了，额外的排序不需要了。
 //相当于按照索引的顺序取数据，然后按照过滤条件，把匹配的数据取出来。
 Index Scan using idx_testindex_1 on testindex  (cost=10000000000.28..10000000308.58 rows=1 width=45) (actual time=11.441..11.441 rows=0 loops=1)
   Filter: (info = '620f5eaeaf0d7cf48cd1fa6c410bad49'::text)
   Rows Removed by Filter: 10000
 Planning time: 0.175 ms
 Execution time: 11.505 ms
(5 rows)

这不一定适合实际的使用场景。

```
4.加速带条件的查询, 删除, 更新

```
// 将 indexscan 功能关闭。
postgres=# set enable_indexscan=off;
SET
// 将 bitmapscan 功能关闭。
postgres=# set enable_bitmapscan=off;
SET


postgres=#  explain analyze select * from testindex where id=1;
                                                                   QUERY PLAN                                                  
                 
-------------------------------------------------------------------------------------------------------------------------------
-----------------
// ?? 为嘛这里还是indexscan？ 不是关闭了么？   答案是之前在同一个会话里运行了 set enable_seqscan=off;的命令。 最后发现所有的scan方式都关了，
// 所以又走了 indexscan ，内部原理还需要求证。
 Index Scan using idx_testindex_1 on testindex  (cost=10000000000.28..10000000002.90 rows=1 width=45) (actual time=0.215..0.217
 rows=1 loops=1)
   Index Cond: (id = 1)
 Planning time: 0.174 ms
 Execution time: 0.359 ms
(4 rows)

//记得把 enable_seqscan 功能开开。

postgres=#  set enable_seqscan=on;
SET
postgres=# explain analyze select * from testindex where id=1;
                                              QUERY PLAN                                              
------------------------------------------------------------------------------------------------------
// 这里发现又走了全表扫描，seq scan 了。
// 所以没有索引的情况下，全表扫描。
 Seq Scan on testindex  (cost=0.00..219.00 rows=1 width=45) (actual time=0.120..3.895 rows=1 loops=1)
   Filter: (id = 1)
   Rows Removed by Filter: 9999
 Planning time: 0.143 ms
 Execution time: 3.946 ms
(5 rows)

```
5.加速JOIN操作

```
digoal=# create table test1(id int, info text, crt_time timestamp);
CREATE TABLE
digoal=# insert into test1 select generate_series(1,10000), md5(random()::text),clock_timestamp();
INSERT 0 10000
test1表没有索引时
digoal=# explain analyze select t1.*,t2.* from test t1 join test1 t2 on (t1.id=t2.id and t2.id=1);
QUERY PLAN
---------------------------------------------------------------------------------------------------------------------------
Nested Loop (cost=0.29..221.31 rows=1 width=90) (actual time=0.028..1.708 rows=1 loops=1)//嵌套循环一次。
-> Index Scan using idx_test_1 on test t1 (cost=0.29..2.30 rows=1 width=45) (actual time=0.015..0.016 rows=1 loops=1)//左表循环的次数，主要是根据右表来循环。
Index Cond: (id = 1)
//因为t2表没有索引，所以t2表走全表扫描。
-> Seq Scan on test1 t2 (cost=0.00..219.00 rows=1 width=45) (actual time=0.010..1.686 rows=1 loops=1)//右表循环一次。
Filter: (id = 1)
Rows Removed by Filter: 9999
Total runtime: 1.768 ms
(7 rows)
```
如果在t2表上也走索引：
```
digoal=# create index idx_test1_1 on test1(id);
CREATE INDEX
digoal=# explain analyze select t1.*,t2.* from test t1 join test1 t2 on (t1.id=t2.id and t2.id=1);
QUERY PLAN
-----------------------------------------------------------------------------------------------------------------------------
//可以看出来，实际的操作成本是 0.045ms-- 对比上一个， (actual time=0.028..1.708） ，是 0.028 -- 这是因为 前者的数据已经在内存了。
//最后还是需要看总得时间： Total runtime-  可以看出来，一个是1.768 ms 一个是 0.089ms -- 
Nested Loop (cost=0.57..4.61 rows=1 width=90) (actual time=0.045..0.046 rows=1 loops=1)
-> Index Scan using idx_test_1 on test t1 (cost=0.29..2.30 rows=1 width=45) (actual time=0.012..0.012 rows=1 loops=1)
Index Cond: (id = 1)
-> Index Scan using idx_test1_1 on test1 t2 (cost=0.29..2.30 rows=1 width=45) (actual time=0.029..0.030 rows=1 loops=1)
Index Cond: (id = 1)
Total runtime: 0.089 ms
(6 rows)
```
MERGE JOIN 也能用到索引

```
digoal=# explain analyze select t1.*,t2.* from test t1 join test1 t2 on (t1.id=t2.id);
QUERY PLAN
----------------------------------------------------------------------------------------------------------------------------------
Merge Join (cost=0.57..698.57 rows=10000 width=90) (actual time=0.024..14.468 rows=10000 loops=1)
Merge Cond: (t1.id = t2.id)
// 可以看出merge join 也用到了 index scan --
-> Index Scan using idx_test_1 on test t1 (cost=0.29..274.29 rows=10000 width=45) (actual time=0.010..3.754 rows=10000 loops=1)
-> Index Scan using idx_test1_1 on test1 t2 (cost=0.29..274.29 rows=10000 width=45) (actual time=0.007..3.715 rows=10000 loops=
1)
Total runtime: 15.429 ms
(5 rows)
```
在没有索引的情况下，merge增加排序开销。

备注： 有一种情况，当小于1w行时，进行快排效率还挺高。
大数据量的话，最好有索引啦，这样排序就简单了。



```
digoal=# explain analyze select t1.*,t2.* from test t1 join test1 t2 on (t1.id=t2.id);
QUERY PLAN
-------------------------------------------------------------------------------------------------------------------------
Merge Join (cost=1716.77..1916.77 rows=10000 width=90) (actual time=8.220..17.291 rows=10000 loops=1)
Merge Cond: (t1.id = t2.id)
-> Sort (cost=858.39..883.39 rows=10000 width=45) (actual time=4.177..5.211 rows=10000 loops=1)
Sort Key: t1.id
Sort Method: quicksort Memory: 1018kB
-> Seq Scan on test t1 (cost=0.00..194.00 rows=10000 width=45) (actual time=0.008..1.757 rows=10000 loops=1)
-> Sort (cost=858.39..883.39 rows=10000 width=45) (actual time=4.035..5.300 rows=10000 loops=1)
Sort Key: t2.id
Sort Method: quicksort Memory: 1018kB
-> Seq Scan on test1 t2 (cost=0.00..194.00 rows=10000 width=45) (actual time=0.006..1.752 rows=10000 loops=1)
Total runtime: 18.420 ms
(11 rows)
```
加速外键约束更新和删除操作：

```
//创建表：
digoal=# create table p(id int primary key, info text, crt_time timestamp);
CREATE TABLE
digoal=# create table f(id int primary key, p_id int references p(id) on delete cascade on update cascade, info text, crt_time timestamp);
CREATE TABLE
digoal=# insert into p select generate_series(1,10000), md5(random()::text), clock_timestamp();
INSERT 0 10000
digoal=# insert into f select generate_series(1,10000), generate_series(1,10000), md5(random()::text), clock_timestamp();
INSERT 0 10000
```
```
//在f表的p_id未加索引时, 更新p.id
digoal=# explain (analyze,verbose,costs,buffers,timing) update p set id=0 where id=1;
QUERY PLAN
--------------------------------------------------------------------------------------------------------------------------
Update on postgres.p (cost=0.29..2.30 rows=1 width=47) (actual time=0.082..0.082 rows=0 loops=1)
Buffers: shared hit=8
-> Index Scan using p_pkey on postgres.p (cost=0.29..2.30 rows=1 width=47) (actual time=0.021..0.022 rows=1 loops=1)
Output: 0, info, crt_time, ctid
Index Cond: (p.id = 1)
Buffers: shared hit=3
Trigger RI_ConstraintTrigger_a_92560 for constraint f_p_id_fkey on p: time=2.630 calls=1
Trigger RI_ConstraintTrigger_c_92562 for constraint f_p_id_fkey on f: time=0.059 calls=1
Total runtime: 2.820 ms
(9 rows)
```
```
//增加f表的p_id列上的索引
digoal=# create index idx_f_1 on f(p_id);
CREATE INDEX
digoal=# explain (analyze,verbose,costs,buffers,timing) update p set id=1 where id=0;
QUERY PLAN
--------------------------------------------------------------------------------------------------------------------------
Update on postgres.p (cost=0.29..2.30 rows=1 width=47) (actual time=0.067..0.067 rows=0 loops=1)
Buffers: shared hit=8
-> Index Scan using p_pkey on postgres.p (cost=0.29..2.30 rows=1 width=47) (actual time=0.018..0.020 rows=1 loops=1)
Output: 1, info, crt_time, ctid
Index Cond: (p.id = 0)
Buffers: shared hit=3
Trigger RI_ConstraintTrigger_a_92560 for constraint f_p_id_fkey on p: time=0.471 calls=1
Trigger RI_ConstraintTrigger_c_92562 for constraint f_p_id_fkey on f: time=0.053 calls=1
Total runtime: 0.636 ms
(9 rows)
```
summary: 

p上面有一个触发器，没有加之前：
```
Trigger RI_ConstraintTrigger_a_92560 for constraint f_p_id_fkey on p: time=2.630 calls=1
```
加上index后：
```
Trigger RI_ConstraintTrigger_a_92560 for constraint f_p_id_fkey on p: time=0.471 calls=1
```
为什么呢 ？

因为p表的update操作会牵连到f表的update，因为级联下来了。

级联更新这个操作是通过触发器完成的。

所以可以看出来，这个触发器在没有索引下的执行时间和有索引下的执行时间，差距还是很大的。

备注：细想一下，触发器肯定是先要找到相应的tuple，再更新。 找的过程中，有index肯定更快。

----------------------
索引在排他约束中的使用

```
digoal=# CREATE TABLE test(id int,geo point,EXCLUDE USING btree (id WITH pg_catalog.=));
CREATE TABLE
digoal=# insert into test (id) values (1);
INSERT 0 1
digoal=# insert into test (id) values (1);
ERROR: 23P01: conflicting key value violates exclusion constraint "test_id_excl"
DETAIL: Key (id)=(1) conflicts with existing key (id)=(1).
SCHEMA NAME: postgres
TABLE NAME: test
CONSTRAINT NAME: test_id_excl
LOCATION: check_exclusion_constraint, execUtils.c:1337

相当于模仿了unique key
```
加速唯一值约束

Primary KEY

Unique KEY


点的例子
```
digoal=# CREATE TABLE test(id int,geo point,EXCLUDE USING spGIST (geo WITH pg_catalog.~=));
CREATE TABLE
索引如下 :
digoal=# \d test
Table "postgres.test"
Column | Type | Modifiers
--------+---------+-----------
id | integer |
geo | point |
Indexes:
"test_geo_excl" EXCLUDE USING spgist (geo WITH ~=)

~= 就是说两个值完全相等。
也就是如果存入两个完全相等的点，就会报错。
```
圆的例子
```
// 备注 && 代表两个相交。 这一部分内容，可以查看原先的blog-  数据类型。

CREATE TABLE test(id int,geo circle,EXCLUDE USING GIST (geo WITH pg_catalog.&&));
INSERT INTO test values(1,'<(0,0),2>'::circle); // 坐标是 0,0 直径是2
INSERT INTO test values(1,'<(4.1,0),2>'::circle);// 坐标是4.1,0 直径是2
INSERT INTO test values(1,'<(-1.9,0),2>'::circle);// 坐标是-1.9,0 直径是2  这就和第一个circle相交了，违反了约束。所以报错：
ERROR: conflicting key value violates exclusion constraint "test_geo_excl"
DETAIL: Key (geo)=(<(-1.9,0),2>) conflicts with existing key (geo)=(<(0,0),2>)
```
以上约束都是互换后，得到的结果一致

> 对排他操作符的要求, 左右操作数互换对结果没有影响. 例如x=y, y=x 结果都为true或unknown.

接下来的例子：

左右操作数互换后得到的结果不一致, 所以这类操作符不允许创建排他索引.

```
digoal=# CREATE TABLE test(id int,geo point,EXCLUDE USING spGIST (geo WITH pg_catalog.<^));// <^代表一个圆在另一个的上面。
//瞧瞧这报的错！ 
ERROR: 42809: operator <^(point,point) is not commutative // 这个操作符即 <^ 是不能互换的，也就是不能对调。对调后得到的结果值相反。
DETAIL: Only commutative operators can be used in exclusion constraints.// 只有对调后结果值一样的操作符可以使用 exclusion 约束。
LOCATION: ComputeIndexAttrs, indexcmds.c:1132

// 同一个道理

//包括btree里面的大于号（注意一种索引适用于特定的几种符号） ，比如说a>b 和 b>a 的结果肯定不一样，所以这里不能用。
digoal=# CREATE TABLE test(id int,geo point,EXCLUDE USING btree (id WITH pg_catalog.>));
ERROR: 42809: operator >(integer,integer) is not commutative
DETAIL: Only commutative operators can be used in exclusion constraints.
LOCATION: ComputeIndexAttrs, indexcmds.c:1132
```







